2019-12-18 21:45:16 INFO  LogHelper:31 - HHH000204: Processing PersistenceUnitInfo [name: EventTicket]
2019-12-18 21:45:16 INFO  Version:46 - HHH000412: Hibernate Core {5.4.8.Final}
2019-12-18 21:45:16 INFO  Version:49 - HCANN000001: Hibernate Commons Annotations {5.1.0.Final}
2019-12-18 21:45:17 WARN  pooling:72 - HHH10001002: Using Hibernate built-in connection pool (not for production use!)
2019-12-18 21:45:17 INFO  pooling:115 - HHH10001005: using driver [com.mysql.jdbc.Driver] at URL [jdbc:mysql://localhost/eventticket]
2019-12-18 21:45:17 INFO  pooling:124 - HHH10001001: Connection properties: {user=root, password=****}
2019-12-18 21:45:17 INFO  pooling:129 - HHH10001003: Autocommit mode: false
2019-12-18 21:45:17 INFO  DriverManagerConnectionProviderImpl:239 - HHH000115: Hibernate connection pool size: 20 (min=1)
2019-12-18 21:45:17 INFO  Dialect:172 - HHH000400: Using dialect: org.hibernate.dialect.MySQL8Dialect
2019-12-18 21:45:18 INFO  JtaPlatformInitiator:52 - HHH000490: Using JtaPlatform implementation: [org.hibernate.engine.transaction.jta.platform.internal.NoJtaPlatform]
2019-12-18 21:45:42 INFO  LogHelper:31 - HHH000204: Processing PersistenceUnitInfo [name: EventTicket]
2019-12-18 21:45:42 INFO  Version:46 - HHH000412: Hibernate Core {5.4.8.Final}
2019-12-18 21:45:43 INFO  Version:49 - HCANN000001: Hibernate Commons Annotations {5.1.0.Final}
2019-12-18 21:45:43 WARN  pooling:72 - HHH10001002: Using Hibernate built-in connection pool (not for production use!)
2019-12-18 21:45:43 INFO  pooling:115 - HHH10001005: using driver [com.mysql.jdbc.Driver] at URL [jdbc:mysql://localhost/eventticket]
2019-12-18 21:45:43 INFO  pooling:124 - HHH10001001: Connection properties: {user=root, password=****}
2019-12-18 21:45:43 INFO  pooling:129 - HHH10001003: Autocommit mode: false
2019-12-18 21:45:43 INFO  DriverManagerConnectionProviderImpl:239 - HHH000115: Hibernate connection pool size: 20 (min=1)
2019-12-18 21:45:44 INFO  Dialect:172 - HHH000400: Using dialect: org.hibernate.dialect.MySQL8Dialect
2019-12-18 21:45:44 INFO  JtaPlatformInitiator:52 - HHH000490: Using JtaPlatform implementation: [org.hibernate.engine.transaction.jta.platform.internal.NoJtaPlatform]
2019-12-18 21:54:34 INFO  LogHelper:31 - HHH000204: Processing PersistenceUnitInfo [name: EventTicket]
2019-12-18 21:54:34 INFO  Version:46 - HHH000412: Hibernate Core {5.4.8.Final}
2019-12-18 21:54:34 INFO  Version:49 - HCANN000001: Hibernate Commons Annotations {5.1.0.Final}
2019-12-18 21:54:34 WARN  pooling:72 - HHH10001002: Using Hibernate built-in connection pool (not for production use!)
2019-12-18 21:54:34 INFO  pooling:115 - HHH10001005: using driver [com.mysql.jdbc.Driver] at URL [jdbc:mysql://localhost/eventticket]
2019-12-18 21:54:34 INFO  pooling:124 - HHH10001001: Connection properties: {user=root, password=****}
2019-12-18 21:54:34 INFO  pooling:129 - HHH10001003: Autocommit mode: false
2019-12-18 21:54:35 INFO  DriverManagerConnectionProviderImpl:239 - HHH000115: Hibernate connection pool size: 20 (min=1)
2019-12-18 21:54:35 INFO  Dialect:172 - HHH000400: Using dialect: org.hibernate.dialect.MySQL8Dialect
2019-12-18 21:54:36 INFO  JtaPlatformInitiator:52 - HHH000490: Using JtaPlatform implementation: [org.hibernate.engine.transaction.jta.platform.internal.NoJtaPlatform]
2019-12-18 21:55:13 INFO  LogHelper:31 - HHH000204: Processing PersistenceUnitInfo [name: EventTicket]
2019-12-18 21:55:14 INFO  Version:46 - HHH000412: Hibernate Core {5.4.8.Final}
2019-12-18 21:55:14 INFO  Version:49 - HCANN000001: Hibernate Commons Annotations {5.1.0.Final}
2019-12-18 21:55:14 WARN  pooling:72 - HHH10001002: Using Hibernate built-in connection pool (not for production use!)
2019-12-18 21:55:14 INFO  pooling:115 - HHH10001005: using driver [com.mysql.jdbc.Driver] at URL [jdbc:mysql://localhost/eventticket]
2019-12-18 21:55:14 INFO  pooling:124 - HHH10001001: Connection properties: {user=root, password=****}
2019-12-18 21:55:14 INFO  pooling:129 - HHH10001003: Autocommit mode: false
2019-12-18 21:55:14 INFO  DriverManagerConnectionProviderImpl:239 - HHH000115: Hibernate connection pool size: 20 (min=1)
2019-12-18 21:55:15 INFO  Dialect:172 - HHH000400: Using dialect: org.hibernate.dialect.MySQL8Dialect
2019-12-18 21:55:16 INFO  JtaPlatformInitiator:52 - HHH000490: Using JtaPlatform implementation: [org.hibernate.engine.transaction.jta.platform.internal.NoJtaPlatform]
2019-12-18 21:55:44 INFO  LogHelper:31 - HHH000204: Processing PersistenceUnitInfo [name: EventTicket]
2019-12-18 21:55:44 WARN  pooling:72 - HHH10001002: Using Hibernate built-in connection pool (not for production use!)
2019-12-18 21:55:44 INFO  pooling:115 - HHH10001005: using driver [com.mysql.jdbc.Driver] at URL [jdbc:mysql://localhost/eventticket]
2019-12-18 21:55:44 INFO  pooling:124 - HHH10001001: Connection properties: {user=root, password=****}
2019-12-18 21:55:44 INFO  pooling:129 - HHH10001003: Autocommit mode: false
2019-12-18 21:55:44 INFO  DriverManagerConnectionProviderImpl:239 - HHH000115: Hibernate connection pool size: 20 (min=1)
2019-12-18 21:55:44 INFO  Dialect:172 - HHH000400: Using dialect: org.hibernate.dialect.MySQL8Dialect
2019-12-18 21:55:44 INFO  JtaPlatformInitiator:52 - HHH000490: Using JtaPlatform implementation: [org.hibernate.engine.transaction.jta.platform.internal.NoJtaPlatform]
